<?xml version="1.0" encoding="UTF-8"?>
<!-- Generated by org.testng.reporters.JUnitXMLReporter -->
<testsuite ignored="0" hostname="DESKTOP-JVNTDTS" failures="1" tests="2" name="Test" time="87.036" errors="0" timestamp="2024-08-26T17:30:45 IST">
  <testcase classname="testcase.SamplePageTest" name="samplePage" time="8.859">
    <failure type="java.lang.AssertionError" message="Only 250 characters are allowed 
 expected [true] but found [false]">
      <![CDATA[java.lang.AssertionError: Only 250 characters are allowed 
 expected [true] but found [false]
at pages.SamplePage.enterComments(SamplePage.java:195)
at testcase.SamplePageTest.samplePage(SamplePageTest.java:35)
at java.base/java.util.concurrent.Executors$RunnableAdapter.call(Executors.java:572)
at java.base/java.util.concurrent.FutureTask.run(FutureTask.java:317)
at java.base/java.util.concurrent.ThreadPoolExecutor.runWorker(ThreadPoolExecutor.java:1144)
at java.base/java.util.concurrent.ThreadPoolExecutor$Worker.run(ThreadPoolExecutor.java:642)
at java.base/java.lang.Thread.run(Thread.java:1583)
... Removed 14 stack frames]]>
    </failure>
  </testcase> <!-- samplePage -->
  <testcase classname="testcase.SamplePageTest" name="samplePage" time="2.076"/>
</testsuite> <!-- Test -->
