<?xml version="1.0" encoding="UTF-8"?>
<testng-results ignored="0" total="1" passed="1" failed="0" skipped="0">
  <reporter-output>
  </reporter-output>
  <suite started-at="2024-10-05T13:30:32 IST" name="Suite" finished-at="2024-10-05T13:30:48 IST" duration-ms="15677">
    <groups>
    </groups>
    <test started-at="2024-10-05T13:30:32 IST" name="Test" finished-at="2024-10-05T13:30:48 IST" duration-ms="15677">
      <class name="testcase.SamplePageTest">
        <test-method is-config="true" signature="startReport()[pri:0, instance:testcase.SamplePageTest@38afe297]" started-at="2024-10-05T13:30:32 IST" name="startReport" finished-at="2024-10-05T13:30:32 IST" duration-ms="366" status="PASS">
          <reporter-output>
          </reporter-output>
        </test-method> <!-- startReport -->
        <test-method is-config="true" signature="setData()[pri:0, instance:testcase.SamplePageTest@38afe297]" started-at="2024-10-05T13:30:32 IST" name="setData" finished-at="2024-10-05T13:30:32 IST" duration-ms="2" status="PASS">
          <reporter-output>
          </reporter-output>
        </test-method> <!-- setData -->
        <test-method is-config="true" signature="BeforeMethod(java.lang.String,java.lang.String)[pri:0, instance:testcase.SamplePageTest@38afe297]" started-at="2024-10-05T13:30:34 IST" name="BeforeMethod" finished-at="2024-10-05T13:30:44 IST" duration-ms="9869" status="PASS">
          <params>
            <param index="0">
              <value>
                <![CDATA[chrome]]>
              </value>
            </param>
            <param index="1">
              <value>
                <![CDATA[https://www.globalsqa.com/samplepagetest/]]>
              </value>
            </param>
          </params>
          <reporter-output>
          </reporter-output>
        </test-method> <!-- BeforeMethod -->
        <test-method signature="samplePage(java.lang.String,java.lang.String,java.lang.String,java.lang.String,java.lang.String,java.lang.String,java.lang.String,java.lang.String,java.lang.String,java.lang.String,java.lang.String)[pri:0, instance:testcase.SamplePageTest@38afe297]" started-at="2024-10-05T13:30:44 IST" name="samplePage" data-provider="SamplePage" finished-at="2024-10-05T13:30:47 IST" duration-ms="2998" status="PASS">
          <params>
            <param index="0">
              <value>
                <![CDATA[nirmal]]>
              </value>
            </param>
            <param index="1">
              <value>
                <![CDATA[nk@456.com]]>
              </value>
            </param>
            <param index="2">
              <value>
                <![CDATA[testing.com]]>
              </value>
            </param>
            <param index="3">
              <value>
                <![CDATA[10+]]>
              </value>
            </param>
            <param index="4">
              <value>
                <![CDATA[Cell is null]]>
              </value>
            </param>
            <param index="5">
              <value>
                <![CDATA[Cell is null]]>
              </value>
            </param>
            <param index="6">
              <value>
                <![CDATA[Automation Testing]]>
              </value>
            </param>
            <param index="7">
              <value>
                <![CDATA[Cell is null]]>
              </value>
            </param>
            <param index="8">
              <value>
                <![CDATA[Cell is null]]>
              </value>
            </param>
            <param index="9">
              <value>
                <![CDATA[Post Graduate]]>
              </value>
            </param>
            <param index="10">
              <value>
                <![CDATA[Comment alert message checking.]]>
              </value>
            </param>
          </params>
          <reporter-output>
          </reporter-output>
        </test-method> <!-- samplePage -->
        <test-method is-config="true" signature="AfterMethod()[pri:0, instance:testcase.SamplePageTest@38afe297]" started-at="2024-10-05T13:30:47 IST" name="AfterMethod" finished-at="2024-10-05T13:30:48 IST" duration-ms="264" status="PASS">
          <reporter-output>
          </reporter-output>
        </test-method> <!-- AfterMethod -->
        <test-method is-config="true" signature="tearDown()[pri:0, instance:testcase.SamplePageTest@38afe297]" started-at="2024-10-05T13:30:48 IST" name="tearDown" finished-at="2024-10-05T13:30:48 IST" duration-ms="113" status="PASS">
          <reporter-output>
          </reporter-output>
        </test-method> <!-- tearDown -->
        <test-method is-config="true" signature="teardownReport()[pri:0, instance:testcase.SamplePageTest@38afe297]" started-at="2024-10-05T13:30:48 IST" name="teardownReport" finished-at="2024-10-05T13:30:48 IST" duration-ms="18" status="PASS">
          <reporter-output>
          </reporter-output>
        </test-method> <!-- teardownReport -->
      </class> <!-- testcase.SamplePageTest -->
    </test> <!-- Test -->
  </suite> <!-- Suite -->
</testng-results>
