<?xml version="1.0" encoding="UTF-8"?>
<testsuite xmlns:xsi="http://www.w3.org/2001/XMLSchema-instance" xsi:noNamespaceSchemaLocation="https://maven.apache.org/surefire/maven-surefire-plugin/xsd/surefire-test-report.xsd" version="3.0.2" name="TestSuite" time="18.185" tests="1" errors="0" skipped="0" failures="0">
  <properties>
[...]
</properties>
  <testcase name="samplePage[nirmal, nk@456.com, testing.com, 10+, Cell is null, Cell is null, Automation Testing, Cell is null, Cell is null, Post Graduate, Comment alert message checking.](1)" classname="testcase.SamplePageTest" time="3.003">
    <system-out><![CDATA[surya || test@123.com || mt.com || 3-5 || 3 ||  Functional Testing, Automation Testing, Manual Testing ||  Functional Testing, Manual Testing || 3 || Graduate, Post Graduate, Other || Other || Test message, please ignore it.  Test message, please ignore it.  Test message, please ignore it.  Test message, please ignore it.  Test message, please ignore it.  Test message, please ignore it.  Test message, please ignore it.  Test message, please ignore it.  Test message, please ignore it.  Test message, please ignore it.  Test message, please ignore it.  Test message, please ignore it.  Test message, please ignore it.  Test message, please ignore it.  Test message, please ignore it.  Test message, please ignore it.  Test message, please ignore it.  Test message, please ignore it.  Test message, please ignore it.  Test message, please ignore it.  Test message, please ignore it.  Test message, please ignore it.  Test message, please ignore it.  Test message, please ignore it.  Test message, please ignore it.  Test message, please ignore it.  Test message, please ignore it.  Test message, please ignore it.  Test message, please ignore it.  Test message, please ignore it.  Test message, please ignore it.  Test message, please ignore it.  Test message, please ignore it.  Test message, please ignore it.  Test message, please ignore it.  Test message, please ignore it.  Test message, please ignore it.  Test message, please ignore it.  Test message, please ignore it.  Test message, please ignore it.  Test message, please ignore it.  Test message, please ignore it.  Test message, please ignore it.  Test message, please ignore it.  Test message, please ignore it.  Test message, please ignore it.   || 
nirmal || nk@456.com || testing.com || 10+ || Cell is null || Cell is null || Automation Testing || Cell is null || Cell is null || Post Graduate || Comment alert message checking. || 
nirmal: Name entered succesfully
nk@456.com: Email entered succesfully
Selected Website: testing.com
Total DDL Options: 6
Dropdown Options: 0-1
Dropdown Options: 1-3
Dropdown Options: 3-5
Dropdown Options: 5-7
Dropdown Options: 7-10
Dropdown Options: 10+
Selected Dropdown: 10+
No Data Entered
Selected Checkbox: Automation Testing
No data entered
Selected radioButton: Post Graduate
Comments entered sucessfully
]]></system-out>
    <system-err><![CDATA[SLF4J(W): No SLF4J providers were found.
SLF4J(W): Defaulting to no-operation (NOP) logger implementation
SLF4J(W): See https://www.slf4j.org/codes.html#noProviders for further details.
Oct 05, 2024 1:30:37 PM org.openqa.selenium.devtools.CdpVersionFinder findNearestMatch
WARNING: Unable to find an exact match for CDP version 129, returning the closest version; found: 127; Please update to a Selenium version that supports CDP version 129
]]></system-err>
  </testcase>
</testsuite>