<?xml version="1.0" encoding="UTF-8"?>
<testng-results ignored="0" total="1" passed="1" failed="0" skipped="0">
  <reporter-output>
  </reporter-output>
  <suite started-at="2024-06-04T18:57:46 IST" name="Suite" finished-at="2024-06-04T18:58:07 IST" duration-ms="20947">
    <groups>
    </groups>
    <test started-at="2024-06-04T18:57:46 IST" name="SamplePage" finished-at="2024-06-04T18:58:07 IST" duration-ms="20947">
      <class name="testcase.SamplePageTest">
        <test-method is-config="true" signature="setData()[pri:0, instance:testcase.SamplePageTest@38467116]" started-at="2024-06-04T18:57:46 IST" name="setData" finished-at="2024-06-04T18:57:46 IST" duration-ms="25" status="PASS">
          <reporter-output>
          </reporter-output>
        </test-method> <!-- setData -->
        <test-method is-config="true" signature="BeforeMethod(java.lang.String,java.lang.String)[pri:0, instance:testcase.SamplePageTest@38467116]" started-at="2024-06-04T18:57:49 IST" name="BeforeMethod" finished-at="2024-06-04T18:58:06 IST" duration-ms="16831" status="PASS">
          <params>
            <param index="0">
              <value>
                <![CDATA[edge]]>
              </value>
            </param>
            <param index="1">
              <value>
                <![CDATA[https://www.globalsqa.com/samplepagetest/]]>
              </value>
            </param>
          </params>
          <reporter-output>
          </reporter-output>
        </test-method> <!-- BeforeMethod -->
        <test-method signature="samplePage(java.lang.String,java.lang.String,java.lang.String,java.lang.String,java.lang.String,java.lang.String,java.lang.String,java.lang.String)[pri:0, instance:testcase.SamplePageTest@38467116]" started-at="2024-06-04T18:58:06 IST" name="samplePage" data-provider="SamplePage" finished-at="2024-06-04T18:58:07 IST" duration-ms="990" status="PASS">
          <params>
            <param index="0">
              <value>
                <![CDATA[surya]]>
              </value>
            </param>
            <param index="1">
              <value>
                <![CDATA[test@123.com]]>
              </value>
            </param>
            <param index="2">
              <value>
                <![CDATA[mt.com]]>
              </value>
            </param>
            <param index="3">
              <value>
                <![CDATA[3-5]]>
              </value>
            </param>
            <param index="4">
              <value>
                <![CDATA[3]]>
              </value>
            </param>
            <param index="5">
              <value>
                <![CDATA[ Functional Testing, Automation Testing, Manual Testing]]>
              </value>
            </param>
            <param index="6">
              <value>
                <![CDATA[ Functional Testing, Manual Testing]]>
              </value>
            </param>
            <param index="7">
              <value>
                <![CDATA[Graduate, Post Graduate, Other]]>
              </value>
            </param>
          </params>
          <reporter-output>
          </reporter-output>
        </test-method> <!-- samplePage -->
        <test-method is-config="true" signature="AfterMethod()[pri:0, instance:testcase.SamplePageTest@38467116]" started-at="2024-06-04T18:58:07 IST" name="AfterMethod" finished-at="2024-06-04T18:58:07 IST" duration-ms="1" status="PASS">
          <reporter-output>
          </reporter-output>
        </test-method> <!-- AfterMethod -->
      </class> <!-- testcase.SamplePageTest -->
    </test> <!-- SamplePage -->
  </suite> <!-- Suite -->
</testng-results>
